<?xml version="1.0" encoding="UTF-8"?>
<!-- Generated by org.testng.reporters.JUnitXMLReporter -->
<testsuite hostname="SCS-S70" ignored="0" name="Default test" tests="3" failures="0" timestamp="01 Feb 2019 14:00:23 GMT" time="1424.69" errors="0">
  <testcase name="loginPageTitleTest" time="9.807" classname="com.crm.qa.testcases.LoginPageTest"/>
  <testcase name="crmLogoImageTest" time="13.743" classname="com.crm.qa.testcases.LoginPageTest"/>
  <testcase name="loginTest" time="236.654" classname="com.crm.qa.testcases.LoginPageTest"/>
</testsuite> <!-- Default test -->
