<?xml version="1.0" encoding="UTF-8"?>
<testng-results skipped="0" failed="0" ignored="0" total="3" passed="3">
  <reporter-output>
  </reporter-output>
  <suite name="Default suite" duration-ms="1424690" started-at="2019-02-01T13:36:38Z" finished-at="2019-02-01T14:00:23Z">
    <groups>
    </groups>
    <test name="Default test" duration-ms="1424690" started-at="2019-02-01T13:36:38Z" finished-at="2019-02-01T14:00:23Z">
      <class name="com.crm.qa.testcases.LoginPageTest">
        <test-method status="PASS" signature="setUp()[pri:0, instance:com.crm.qa.testcases.LoginPageTest@4facf68f]" name="setUp" is-config="true" duration-ms="1010211" started-at="2019-02-01T19:06:38Z" finished-at="2019-02-01T19:23:28Z">
          <reporter-output>
          </reporter-output>
        </test-method> <!-- setUp -->
        <test-method status="PASS" signature="loginPageTitleTest()[pri:1, instance:com.crm.qa.testcases.LoginPageTest@4facf68f]" name="loginPageTitleTest" duration-ms="9807" started-at="2019-02-01T19:23:28Z" finished-at="2019-02-01T19:23:38Z">
          <reporter-output>
          </reporter-output>
        </test-method> <!-- loginPageTitleTest -->
        <test-method status="PASS" signature="tearDown()[pri:0, instance:com.crm.qa.testcases.LoginPageTest@4facf68f]" name="tearDown" is-config="true" duration-ms="7766" started-at="2019-02-01T19:23:38Z" finished-at="2019-02-01T19:23:46Z">
          <reporter-output>
          </reporter-output>
        </test-method> <!-- tearDown -->
        <test-method status="PASS" signature="setUp()[pri:0, instance:com.crm.qa.testcases.LoginPageTest@4facf68f]" name="setUp" is-config="true" duration-ms="58561" started-at="2019-02-01T19:23:46Z" finished-at="2019-02-01T19:24:44Z">
          <reporter-output>
          </reporter-output>
        </test-method> <!-- setUp -->
        <test-method status="PASS" signature="crmLogoImageTest()[pri:2, instance:com.crm.qa.testcases.LoginPageTest@4facf68f]" name="crmLogoImageTest" duration-ms="13743" started-at="2019-02-01T19:24:44Z" finished-at="2019-02-01T19:24:58Z">
          <reporter-output>
          </reporter-output>
        </test-method> <!-- crmLogoImageTest -->
        <test-method status="PASS" signature="tearDown()[pri:0, instance:com.crm.qa.testcases.LoginPageTest@4facf68f]" name="tearDown" is-config="true" duration-ms="4087" started-at="2019-02-01T19:24:58Z" finished-at="2019-02-01T19:25:02Z">
          <reporter-output>
          </reporter-output>
        </test-method> <!-- tearDown -->
        <test-method status="PASS" signature="setUp()[pri:0, instance:com.crm.qa.testcases.LoginPageTest@4facf68f]" name="setUp" is-config="true" duration-ms="74978" started-at="2019-02-01T19:25:02Z" finished-at="2019-02-01T19:26:17Z">
          <reporter-output>
          </reporter-output>
        </test-method> <!-- setUp -->
        <test-method status="PASS" signature="loginTest()[pri:3, instance:com.crm.qa.testcases.LoginPageTest@4facf68f]" name="loginTest" duration-ms="236654" started-at="2019-02-01T19:26:17Z" finished-at="2019-02-01T19:30:14Z">
          <reporter-output>
          </reporter-output>
        </test-method> <!-- loginTest -->
        <test-method status="PASS" signature="tearDown()[pri:0, instance:com.crm.qa.testcases.LoginPageTest@4facf68f]" name="tearDown" is-config="true" duration-ms="8808" started-at="2019-02-01T19:30:14Z" finished-at="2019-02-01T19:30:23Z">
          <reporter-output>
          </reporter-output>
        </test-method> <!-- tearDown -->
      </class> <!-- com.crm.qa.testcases.LoginPageTest -->
    </test> <!-- Default test -->
  </suite> <!-- Default suite -->
</testng-results>
